#
# A fatal error has been detected by the Java Runtime Environment:
#
#  SIGSEGV (0xb) at pc=0x00007fff977504e9, pid=13587, tid=8715
#
# JRE version: Java(TM) SE Runtime Environment (8.0_45-b14) (build 1.8.0_45-b14)
# Java VM: Java HotSpot(TM) 64-Bit Server VM (25.45-b02 mixed mode bsd-amd64 compressed oops)
# Problematic frame:
# C  [libobjc.A.dylib+0x14e9]  objc_msgSend+0x29
#
# Failed to write core dump. Core dumps have been disabled. To enable core dumping, try "ulimit -c unlimited" before starting Java again
#
# If you would like to submit a bug report, please visit:
#   http://bugreport.java.com/bugreport/crash.jsp
#

---------------  T H R E A D  ---------------

Current thread is native thread

siginfo: si_signo: 11 (SIGSEGV), si_code: 1 (SEGV_MAPERR), si_addr: 0x0000000180180400

Registers:
RAX=0x0000000000000000, RBX=0x00007fd5290ccc00, RCX=0x0000000128cdbdb7, RDX=0x0000000128cdb515
RSP=0x00007fff4fc3e4b8, RBP=0x00007fff4fc3e4e0, RSI=0x00007fff8e6fb257, RDI=0x00007fd5290dc820
R8 =0x0000000000000001, R9 =0x0000000000000000, R10=0x0000000180180400, R11=0x00007fd52982fbf0
R12=0x00000000000020ff, R13=0x00007000002170c0, R14=0x00007fff977504c0, R15=0x0000000000000000
RIP=0x00007fff977504e9, EFLAGS=0x0000000000010206, ERR=0x0000000000000004
  TRAPNO=0x000000000000000e

Top of Stack: (sp=0x00007fff4fc3e4b8)
0x00007fff4fc3e4b8:   0000000128cd3dc7 0000000128ce3750
0x00007fff4fc3e4c8:   00007000002171e0 0000000128cdb4be
0x00007fff4fc3e4d8:   0000000000000000 00007fff4fc3e500
0x00007fff4fc3e4e8:   0000000128cd3fd7 0000000128ce3750
0x00007fff4fc3e4f8:   0000700000217188 00007fff4fc3e520
0x00007fff4fc3e508:   0000000128ccee56 0000000000000000
0x00007fff4fc3e518:   00007fff7436aa40 00007fff4fc3e540
0x00007fff4fc3e528:   00007fff90da540b 0000000000000000
0x00007fff4fc3e538:   0000000000000000 00007fff4fc3e580
0x00007fff4fc3e548:   00007fff90db7ebe 0000000000004d03
0x00007fff4fc3e558:   0000000000000000 00007fff4fc3e5e0
0x00007fff4fc3e568:   0000700000217080 0000000000000000
0x00007fff4fc3e578:   00007fff7436aa40 00007fff4fc3e5a0
0x00007fff4fc3e588:   00007fff90da540b 000000000000000a
0x00007fff4fc3e598:   0000000000000000 00007fff4fc3e650
0x00007fff4fc3e5a8:   00007fff90db8c1c 0000000000000000
0x00007fff4fc3e5b8:   00007fff7436aa40 00000000000020ff
0x00007fff4fc3e5c8:   0000000000000000 0000000007000906
0x00007fff4fc3e5d8:   00007fff4fc3e6f8 0000000000000000
0x00007fff4fc3e5e8:   0000000000000000 0000000000000000
0x00007fff4fc3e5f8:   0000000000000000 0000000000000000
0x00007fff4fc3e608:   0000000000000000 0000000000000000
0x00007fff4fc3e618:   0000000000000000 00007fff4fc3e708
0x00007fff4fc3e628:   0000000000000f07 00007fff4fc3e710
0x00007fff4fc3e638:   00007fd5285110f0 00007fd5285111a0
0x00007fff4fc3e648:   00007fd529002038 00007fff4fc3e660
0x00007fff4fc3e658:   00007fff91fc0949 00007fff4fc3f340
0x00007fff4fc3e668:   00007fff91f7f83d 00007fff4fc3d010
0x00007fff4fc3e678:   00007fff745b3440 00007fd5285113b0
0x00007fff4fc3e688:   0000000000000000 00007fd5285110e0
0x00007fff4fc3e698:   00007fd5285113c0 000000004fc3e878
0x00007fff4fc3e6a8:   00000f0700000000 00007fd5285110f0 

Instructions: (pc=0x00007fff977504e9)
0x00007fff977504c9:   01 2e 75 66 49 bb f8 ff ff ff ff 7f 00 00 4c 23
0x00007fff977504d9:   1f 49 89 f2 45 23 53 18 49 c1 e2 04 4d 03 53 10
0x00007fff977504e9:   49 3b 32 75 04 41 ff 62 08 49 83 3a 01 76 0d 49
0x00007fff977504f9:   83 c2 10 49 3b 32 75 f1 41 ff 62 08 72 40 4d 8b 

Register to memory mapping:

RAX=0x0000000000000000 is an unknown value
RBX=0x00007fd5290ccc00 is an unknown value
RCX=0x0000000128cdbdb7: GCC_except_table25+0xeff in /private/var/folders/1v/c4n6hz0x08b8rxk3kbph4v_40000gn/T/bluecove_leefer_feefer_0/libbluecove.jnilib at 0x0000000128ccb000
RDX=0x0000000128cdb515: GCC_except_table25+0x65d in /private/var/folders/1v/c4n6hz0x08b8rxk3kbph4v_40000gn/T/bluecove_leefer_feefer_0/libbluecove.jnilib at 0x0000000128ccb000
RSP=0x00007fff4fc3e4b8 is an unknown value
RBP=0x00007fff4fc3e4e0 is an unknown value
RSI=0x00007fff8e6fb257: kBasic_Imaging_Image_Pull_Profile_UUID_Size+0x1bd7 in /System/Library/Frameworks/IOBluetooth.framework/Versions/A/IOBluetooth at 0x00007fff8e67c000
RDI=0x00007fd5290dc820 is an unknown value
R8 =0x0000000000000001 is an unknown value
R9 =0x0000000000000000 is an unknown value
R10=0x0000000180180400 is an unknown value
R11=0x00007fd52982fbf0 is an unknown value
R12=0x00000000000020ff is an unknown value
R13=0x00007000002170c0 is pointing into the stack for thread: 0x00007fd52880d800
R14=0x00007fff977504c0: objc_msgSend+0 in /usr/lib/libobjc.A.dylib at 0x00007fff9774f000
R15=0x0000000000000000 is an unknown value


Stack: [0x00007fff4f441000,0x00007fff4fc41000],  sp=0x00007fff4fc3e4b8,  free space=8181k
Native frames: (J=compiled Java code, j=interpreted, Vv=VM code, C=native code)
C  [libobjc.A.dylib+0x14e9]  objc_msgSend+0x29
C  [libbluecove.jnilib+0x8fd7]  _ZN18RFCOMMChannelClose3runEv+0x15
C  [libbluecove.jnilib+0x3e56]  ___Z22synchronousBTOperationP8Runnable_block_invoke+0x6b
C  [libdispatch.dylib+0x240b]  _dispatch_client_callout+0x8
C  [libdispatch.dylib+0x14ebe]  _dispatch_barrier_sync_f_slow_invoke+0x20b
C  [libdispatch.dylib+0x240b]  _dispatch_client_callout+0x8
C  [libdispatch.dylib+0x15c1c]  _dispatch_main_queue_callback_4CF+0x695
C  [CoreFoundation+0xca949]  __CFRUNLOOP_IS_SERVICING_THE_MAIN_DISPATCH_QUEUE__+0x9
C  [CoreFoundation+0x8983d]  __CFRunLoopRun+0x79d
C  [CoreFoundation+0x88e38]  CFRunLoopRunSpecific+0x128
C  [java+0x6490]  CreateExecutionEnvironment+0x367
C  [java+0x221c]  JLI_Launch+0x7a0
C  [java+0x84ed]  main+0x65
C  [java+0x1a74]  start+0x34


---------------  P R O C E S S  ---------------

VM state:not at safepoint (normal execution)

VM Mutex/Monitor currently owned by a thread: None

Heap:
 PSYoungGen      total 38400K, used 4694K [0x0000000795580000, 0x0000000798000000, 0x00000007c0000000)
  eden space 33280K, 14% used [0x0000000795580000,0x0000000795a158e8,0x0000000797600000)
  from space 5120K, 0% used [0x0000000797b00000,0x0000000797b00000,0x0000000798000000)
  to   space 5120K, 0% used [0x0000000797600000,0x0000000797600000,0x0000000797b00000)
 ParOldGen       total 87552K, used 0K [0x0000000740000000, 0x0000000745580000, 0x0000000795580000)
  object space 87552K, 0% used [0x0000000740000000,0x0000000740000000,0x0000000745580000)
 Metaspace       used 3594K, capacity 4888K, committed 5120K, reserved 1056768K
  class space    used 396K, capacity 456K, committed 512K, reserved 1048576K

Card table byte_map: [0x0000000120f29000,0x000000012132a000] byte_map_base: 0x000000011d529000

Marking Bits: (ParMarkBitMap*) 0x00000001114c27a0
 Begin Bits: [0x00000001215d5000, 0x00000001235d5000)
 End Bits:   [0x00000001235d5000, 0x00000001255d5000)

Polling page: 0x0000000110282000

CodeCache: size=245760Kb used=1327Kb max_used=1327Kb free=244432Kb
 bounds [0x0000000111b69000, 0x0000000111dd9000, 0x0000000120b69000]
 total_blobs=392 nmethods=137 adapters=170
 compilation: enabled

Compilation events (10 events):
Event: 17.283 Thread 0x00007fd529803000  133       1       sun.util.calendar.CalendarDate::getMillis (5 bytes)
Event: 17.283 Thread 0x00007fd529803000 nmethod 133 0x0000000111cb1590 code [0x0000000111cb16e0, 0x0000000111cb17f0]
Event: 17.283 Thread 0x00007fd529803000  134       1       java.security.CodeSource::getLocation (5 bytes)
Event: 17.283 Thread 0x00007fd529803000 nmethod 134 0x0000000111cb44d0 code [0x0000000111cb4620, 0x0000000111cb4730]
Event: 17.284 Thread 0x00007fd529803000  135       3       java.lang.AbstractStringBuilder::<init> (12 bytes)
Event: 17.285 Thread 0x00007fd529803000 nmethod 135 0x0000000111cb4790 code [0x0000000111cb4900, 0x0000000111cb4b50]
Event: 17.285 Thread 0x00007fd529803000  136       1       sun.misc.URLClassPath$JarLoader::access$600 (5 bytes)
Event: 17.285 Thread 0x00007fd529803000 nmethod 136 0x0000000111cb4c10 code [0x0000000111cb4d60, 0x0000000111cb4e50]
Event: 17.286 Thread 0x00007fd529803000  137       3       java.lang.StringBuilder::toString (17 bytes)
Event: 17.286 Thread 0x00007fd529803000 nmethod 137 0x0000000111cb4ed0 code [0x0000000111cb5040, 0x0000000111cb5248]

GC Heap History (0 events):
No events

Deoptimization events (0 events):
No events

Internal exceptions (8 events):
Event: 0.052 Thread 0x00007fd52880d800 Exception <a 'java/lang/NoSuchMethodError': Method sun.misc.Unsafe.defineClass(Ljava/lang/String;[BII)Ljava/lang/Class; name or signature does not match> (0x0000000795592db0) thrown at [/Users/java_re/workspace/8-2-build-macosx-x86_64/jdk8u45/3457/hotspot
Event: 0.052 Thread 0x00007fd52880d800 Exception <a 'java/lang/NoSuchMethodError': Method sun.misc.Unsafe.prefetchRead(Ljava/lang/Object;J)V name or signature does not match> (0x0000000795593040) thrown at [/Users/java_re/workspace/8-2-build-macosx-x86_64/jdk8u45/3457/hotspot/src/share/vm/prim
Event: 0.145 Thread 0x00007fd52880d800 Exception <a 'java/security/PrivilegedActionException'> (0x00000007957f1458) thrown at [/Users/java_re/workspace/8-2-build-macosx-x86_64/jdk8u45/3457/hotspot/src/share/vm/prims/jvm.cpp, line 1382]
Event: 0.145 Thread 0x00007fd52880d800 Exception <a 'java/security/PrivilegedActionException'> (0x00000007957f1610) thrown at [/Users/java_re/workspace/8-2-build-macosx-x86_64/jdk8u45/3457/hotspot/src/share/vm/prims/jvm.cpp, line 1382]
Event: 0.145 Thread 0x00007fd52880d800 Exception <a 'java/security/PrivilegedActionException'> (0x00000007957f4800) thrown at [/Users/java_re/workspace/8-2-build-macosx-x86_64/jdk8u45/3457/hotspot/src/share/vm/prims/jvm.cpp, line 1382]
Event: 0.145 Thread 0x00007fd52880d800 Exception <a 'java/security/PrivilegedActionException'> (0x00000007957f49b8) thrown at [/Users/java_re/workspace/8-2-build-macosx-x86_64/jdk8u45/3457/hotspot/src/share/vm/prims/jvm.cpp, line 1382]
Event: 0.147 Thread 0x00007fd52880d800 Exception <a 'java/lang/NoClassDefFoundError': org/apache/log4j/Category> (0x00000007957fe308) thrown at [/Users/java_re/workspace/8-2-build-macosx-x86_64/jdk8u45/3457/hotspot/src/share/vm/classfile/systemDictionary.cpp, line 199]
Event: 0.160 Thread 0x00007fd52880d800 Exception <a 'java/lang/UnsatisfiedLinkError': com.intel.bluetooth.BluetoothStackOSX.isNativeCodeLoaded()Z> (0x0000000795835770) thrown at [/Users/java_re/workspace/8-2-build-macosx-x86_64/jdk8u45/3457/hotspot/src/share/vm/prims/nativeLookup.cpp, line 378

Events (10 events):
Event: 17.283 loading class com/intel/bluetooth/BluetoothRFCommClientConnection
Event: 17.283 loading class com/intel/bluetooth/BluetoothRFCommClientConnection done
Event: 17.283 loading class com/intel/bluetooth/BluetoothRFCommConnection
Event: 17.283 loading class com/intel/bluetooth/BluetoothRFCommConnection done
Event: 17.284 loading class com/intel/bluetooth/BluetoothConnectionAccess
Event: 17.284 loading class com/intel/bluetooth/BluetoothConnectionAccess done
Event: 17.285 loading class com/intel/bluetooth/BluetoothRFCommInputStream
Event: 17.285 loading class com/intel/bluetooth/BluetoothRFCommInputStream done
Event: 17.285 loading class com/intel/bluetooth/BluetoothRFCommOutputStream
Event: 17.285 loading class com/intel/bluetooth/BluetoothRFCommOutputStream done


Dynamic libraries:
0x000000000161e000 	/System/Library/Frameworks/Cocoa.framework/Versions/A/Cocoa
0x000000000161e000 	/System/Library/Frameworks/Security.framework/Versions/A/Security
0x000000000161e000 	/System/Library/Frameworks/ApplicationServices.framework/Versions/A/ApplicationServices
0x000000000161e000 	/usr/lib/libz.1.dylib
0x000000000161e000 	/usr/lib/libSystem.B.dylib
0x000000000161e000 	/usr/lib/libobjc.A.dylib
0x000000000161e000 	/System/Library/Frameworks/CoreFoundation.framework/Versions/A/CoreFoundation
0x000000000161e000 	/System/Library/Frameworks/Foundation.framework/Versions/C/Foundation
0x000000000161e000 	/System/Library/Frameworks/AppKit.framework/Versions/C/AppKit
0x000000000161e000 	/System/Library/Frameworks/CoreData.framework/Versions/A/CoreData
0x000000000161e000 	/System/Library/PrivateFrameworks/RemoteViewServices.framework/Versions/A/RemoteViewServices
0x000000000161e000 	/System/Library/PrivateFrameworks/UIFoundation.framework/Versions/A/UIFoundation
0x000000000161e000 	/usr/lib/libScreenReader.dylib
0x000000000161e000 	/System/Library/Frameworks/Accelerate.framework/Versions/A/Accelerate
0x000000000161e000 	/System/Library/Frameworks/IOSurface.framework/Versions/A/IOSurface
0x000000000161e000 	/System/Library/Frameworks/AudioToolbox.framework/Versions/A/AudioToolbox
0x000000000161e000 	/System/Library/Frameworks/AudioUnit.framework/Versions/A/AudioUnit
0x000000000161e000 	/System/Library/PrivateFrameworks/DataDetectorsCore.framework/Versions/A/DataDetectorsCore
0x000000000161e000 	/System/Library/PrivateFrameworks/DesktopServicesPriv.framework/Versions/A/DesktopServicesPriv
0x000000000161e000 	/System/Library/Frameworks/Carbon.framework/Versions/A/Frameworks/HIToolbox.framework/Versions/A/HIToolbox
0x000000000161e000 	/System/Library/Frameworks/QuartzCore.framework/Versions/A/QuartzCore
0x000000000161e000 	/System/Library/Frameworks/Carbon.framework/Versions/A/Frameworks/SpeechRecognition.framework/Versions/A/SpeechRecognition
0x000000000161e000 	/usr/lib/libauto.dylib
0x000000000161e000 	/usr/lib/libicucore.A.dylib
0x000000000161e000 	/usr/lib/libxml2.2.dylib
0x000000000161e000 	/System/Library/PrivateFrameworks/CoreUI.framework/Versions/A/CoreUI
0x000000000161e000 	/System/Library/Frameworks/CoreAudio.framework/Versions/A/CoreAudio
0x000000000161e000 	/System/Library/Frameworks/DiskArbitration.framework/Versions/A/DiskArbitration
0x000000000161e000 	/usr/lib/liblangid.dylib
0x000000000161e000 	/System/Library/PrivateFrameworks/MultitouchSupport.framework/Versions/A/MultitouchSupport
0x000000000161e000 	/System/Library/Frameworks/IOKit.framework/Versions/A/IOKit
0x000000000161e000 	/usr/lib/libDiagnosticMessagesClient.dylib
0x000000000161e000 	/System/Library/Frameworks/CoreServices.framework/Versions/A/CoreServices
0x000000000161e000 	/System/Library/PrivateFrameworks/PerformanceAnalysis.framework/Versions/A/PerformanceAnalysis
0x000000000161e000 	/System/Library/PrivateFrameworks/GenerationalStorage.framework/Versions/A/GenerationalStorage
0x000000000161e000 	/System/Library/Frameworks/OpenGL.framework/Versions/A/OpenGL
0x000000000161e000 	/System/Library/PrivateFrameworks/Sharing.framework/Versions/A/Sharing
0x000000000161e000 	/System/Library/Frameworks/CoreGraphics.framework/Versions/A/CoreGraphics
0x000000000161e000 	/System/Library/Frameworks/CoreImage.framework/Versions/A/CoreImage
0x000000000161e000 	/System/Library/Frameworks/CoreText.framework/Versions/A/CoreText
0x000000000161e000 	/System/Library/Frameworks/ImageIO.framework/Versions/A/ImageIO
0x000000000161e000 	/System/Library/PrivateFrameworks/Backup.framework/Versions/A/Backup
0x000000000161e000 	/usr/lib/libextension.dylib
0x000000000161e000 	/usr/lib/libarchive.2.dylib
0x000000000161e000 	/System/Library/Frameworks/CFNetwork.framework/Versions/A/CFNetwork
0x000000000161e000 	/System/Library/Frameworks/SystemConfiguration.framework/Versions/A/SystemConfiguration
0x000000000161e000 	/usr/lib/libCRFSuite.dylib
0x000000000161e000 	/usr/lib/libc++.1.dylib
0x000000000161e000 	/usr/lib/libc++abi.dylib
0x000000000161e000 	/usr/lib/system/libcache.dylib
0x000000000161e000 	/usr/lib/system/libcommonCrypto.dylib
0x000000000161e000 	/usr/lib/system/libcompiler_rt.dylib
0x000000000161e000 	/usr/lib/system/libcopyfile.dylib
0x000000000161e000 	/usr/lib/system/libcorecrypto.dylib
0x000000000161e000 	/usr/lib/system/libdispatch.dylib
0x000000000161e000 	/usr/lib/system/libdyld.dylib
0x000000000161e000 	/usr/lib/system/libkeymgr.dylib
0x000000000161e000 	/usr/lib/system/liblaunch.dylib
0x000000000161e000 	/usr/lib/system/libmacho.dylib
0x000000000161e000 	/usr/lib/system/libquarantine.dylib
0x000000000161e000 	/usr/lib/system/libremovefile.dylib
0x000000000161e000 	/usr/lib/system/libsystem_asl.dylib
0x000000000161e000 	/usr/lib/system/libsystem_blocks.dylib
0x000000000161e000 	/usr/lib/system/libsystem_c.dylib
0x000000000161e000 	/usr/lib/system/libsystem_configuration.dylib
0x000000000161e000 	/usr/lib/system/libsystem_coreservices.dylib
0x000000000161e000 	/usr/lib/system/libsystem_coretls.dylib
0x000000000161e000 	/usr/lib/system/libsystem_dnssd.dylib
0x000000000161e000 	/usr/lib/system/libsystem_info.dylib
0x000000000161e000 	/usr/lib/system/libsystem_kernel.dylib
0x000000000161e000 	/usr/lib/system/libsystem_m.dylib
0x000000000161e000 	/usr/lib/system/libsystem_malloc.dylib
0x000000000161e000 	/usr/lib/system/libsystem_network.dylib
0x000000000161e000 	/usr/lib/system/libsystem_networkextension.dylib
0x000000000161e000 	/usr/lib/system/libsystem_notify.dylib
0x000000000161e000 	/usr/lib/system/libsystem_platform.dylib
0x000000000161e000 	/usr/lib/system/libsystem_pthread.dylib
0x000000000161e000 	/usr/lib/system/libsystem_sandbox.dylib
0x000000000161e000 	/usr/lib/system/libsystem_secinit.dylib
0x000000000161e000 	/usr/lib/system/libsystem_trace.dylib
0x000000000161e000 	/usr/lib/system/libunc.dylib
0x000000000161e000 	/usr/lib/system/libunwind.dylib
0x000000000161e000 	/usr/lib/system/libxpc.dylib
0x000000000161e000 	/usr/lib/libenergytrace.dylib
0x000000000161e000 	/usr/lib/libbsm.0.dylib
0x000000000161e000 	/usr/lib/system/libkxld.dylib
0x000000000161e000 	/usr/lib/libxar.1.dylib
0x000000000161e000 	/usr/lib/libsqlite3.dylib
0x000000000161e000 	/usr/lib/libpam.2.dylib
0x000000000161e000 	/usr/lib/libOpenScriptingUtil.dylib
0x000000000161e000 	/usr/lib/libbz2.1.0.dylib
0x000000000161e000 	/usr/lib/liblzma.5.dylib
0x000000000161e000 	/System/Library/Frameworks/CoreServices.framework/Versions/A/Frameworks/FSEvents.framework/Versions/A/FSEvents
0x000000000161e000 	/System/Library/Frameworks/CoreServices.framework/Versions/A/Frameworks/CarbonCore.framework/Versions/A/CarbonCore
0x000000000161e000 	/System/Library/Frameworks/CoreServices.framework/Versions/A/Frameworks/Metadata.framework/Versions/A/Metadata
0x000000000161e000 	/System/Library/Frameworks/CoreServices.framework/Versions/A/Frameworks/OSServices.framework/Versions/A/OSServices
0x000000000161e000 	/System/Library/Frameworks/CoreServices.framework/Versions/A/Frameworks/SearchKit.framework/Versions/A/SearchKit
0x000000000161e000 	/System/Library/Frameworks/CoreServices.framework/Versions/A/Frameworks/AE.framework/Versions/A/AE
0x000000000161e000 	/System/Library/Frameworks/CoreServices.framework/Versions/A/Frameworks/LaunchServices.framework/Versions/A/LaunchServices
0x000000000161e000 	/System/Library/Frameworks/CoreServices.framework/Versions/A/Frameworks/DictionaryServices.framework/Versions/A/DictionaryServices
0x000000000161e000 	/System/Library/Frameworks/CoreServices.framework/Versions/A/Frameworks/SharedFileList.framework/Versions/A/SharedFileList
0x000000000161e000 	/System/Library/Frameworks/NetFS.framework/Versions/A/NetFS
0x000000000161e000 	/System/Library/PrivateFrameworks/NetAuth.framework/Versions/A/NetAuth
0x000000000161e000 	/System/Library/PrivateFrameworks/login.framework/Versions/A/Frameworks/loginsupport.framework/Versions/A/loginsupport
0x000000000161e000 	/System/Library/PrivateFrameworks/TCC.framework/Versions/A/TCC
0x000000000161e000 	/usr/lib/libmecabra.dylib
0x000000000161e000 	/System/Library/Frameworks/ApplicationServices.framework/Versions/A/Frameworks/ATS.framework/Versions/A/ATS
0x000000000161e000 	/System/Library/Frameworks/ApplicationServices.framework/Versions/A/Frameworks/ColorSync.framework/Versions/A/ColorSync
0x000000000161e000 	/System/Library/Frameworks/ApplicationServices.framework/Versions/A/Frameworks/HIServices.framework/Versions/A/HIServices
0x000000000161e000 	/System/Library/Frameworks/ApplicationServices.framework/Versions/A/Frameworks/LangAnalysis.framework/Versions/A/LangAnalysis
0x000000000161e000 	/System/Library/Frameworks/ApplicationServices.framework/Versions/A/Frameworks/PrintCore.framework/Versions/A/PrintCore
0x000000000161e000 	/System/Library/Frameworks/ApplicationServices.framework/Versions/A/Frameworks/QD.framework/Versions/A/QD
0x000000000161e000 	/System/Library/Frameworks/ApplicationServices.framework/Versions/A/Frameworks/SpeechSynthesis.framework/Versions/A/SpeechSynthesis
0x000000000161e000 	/System/Library/Frameworks/Metal.framework/Versions/A/Metal
0x000000000161e000 	/System/Library/Frameworks/Accelerate.framework/Versions/A/Frameworks/vImage.framework/Versions/A/vImage
0x000000000161e000 	/System/Library/Frameworks/Accelerate.framework/Versions/A/Frameworks/vecLib.framework/Versions/A/vecLib
0x000000000161e000 	/System/Library/Frameworks/Accelerate.framework/Versions/A/Frameworks/vecLib.framework/Versions/A/libvDSP.dylib
0x000000000161e000 	/System/Library/Frameworks/Accelerate.framework/Versions/A/Frameworks/vecLib.framework/Versions/A/libvMisc.dylib
0x000000000161e000 	/System/Library/Frameworks/Accelerate.framework/Versions/A/Frameworks/vecLib.framework/Versions/A/libLAPACK.dylib
0x000000000161e000 	/System/Library/Frameworks/Accelerate.framework/Versions/A/Frameworks/vecLib.framework/Versions/A/libBLAS.dylib
0x000000000161e000 	/System/Library/Frameworks/Accelerate.framework/Versions/A/Frameworks/vecLib.framework/Versions/A/libLinearAlgebra.dylib
0x000000000161e000 	/System/Library/Frameworks/Accelerate.framework/Versions/A/Frameworks/vecLib.framework/Versions/A/libSparseBLAS.dylib
0x000000000161e000 	/System/Library/PrivateFrameworks/GPUCompiler.framework/libmetal_timestamp.dylib
0x000000000161e000 	/System/Library/Frameworks/OpenGL.framework/Versions/A/Libraries/libCoreFSCache.dylib
0x000000000161e000 	/System/Library/PrivateFrameworks/IOAccelerator.framework/Versions/A/IOAccelerator
0x000000000161e000 	/System/Library/Frameworks/ApplicationServices.framework/Versions/A/Frameworks/ATS.framework/Versions/A/Resources/libFontParser.dylib
0x000000000161e000 	/System/Library/Frameworks/ApplicationServices.framework/Versions/A/Frameworks/ATS.framework/Versions/A/Resources/libFontRegistry.dylib
0x000000000161e000 	/System/Library/PrivateFrameworks/AppleVPA.framework/Versions/A/AppleVPA
0x000000000161e000 	/System/Library/PrivateFrameworks/AppleJPEG.framework/Versions/A/AppleJPEG
0x000000000161e000 	/System/Library/Frameworks/ImageIO.framework/Versions/A/Resources/libJPEG.dylib
0x000000000161e000 	/System/Library/Frameworks/ImageIO.framework/Versions/A/Resources/libTIFF.dylib
0x000000000161e000 	/System/Library/Frameworks/ImageIO.framework/Versions/A/Resources/libPng.dylib
0x000000000161e000 	/System/Library/Frameworks/ImageIO.framework/Versions/A/Resources/libGIF.dylib
0x000000000161e000 	/System/Library/Frameworks/ImageIO.framework/Versions/A/Resources/libJP2.dylib
0x000000000161e000 	/System/Library/Frameworks/ImageIO.framework/Versions/A/Resources/libRadiance.dylib
0x000000000161e000 	/System/Library/Frameworks/CoreVideo.framework/Versions/A/CoreVideo
0x000000000161e000 	/System/Library/Frameworks/OpenGL.framework/Versions/A/Libraries/libGLU.dylib
0x000000000161e000 	/System/Library/Frameworks/OpenGL.framework/Versions/A/Libraries/libGFXShared.dylib
0x000000000161e000 	/System/Library/Frameworks/OpenGL.framework/Versions/A/Libraries/libGL.dylib
0x000000000161e000 	/System/Library/Frameworks/OpenGL.framework/Versions/A/Libraries/libGLImage.dylib
0x000000000161e000 	/System/Library/Frameworks/OpenGL.framework/Versions/A/Libraries/libCVMSPluginSupport.dylib
0x000000000161e000 	/System/Library/Frameworks/OpenGL.framework/Versions/A/Libraries/libCoreVMClient.dylib
0x000000000161e000 	/usr/lib/libcompression.dylib
0x000000000161e000 	/usr/lib/libcups.2.dylib
0x000000000161e000 	/System/Library/Frameworks/Kerberos.framework/Versions/A/Kerberos
0x000000000161e000 	/System/Library/Frameworks/GSS.framework/Versions/A/GSS
0x000000000161e000 	/usr/lib/libresolv.9.dylib
0x000000000161e000 	/usr/lib/libiconv.2.dylib
0x000000000161e000 	/System/Library/PrivateFrameworks/Heimdal.framework/Versions/A/Heimdal
0x000000000161e000 	/usr/lib/libheimdal-asn1.dylib
0x000000000161e000 	/System/Library/Frameworks/OpenDirectory.framework/Versions/A/OpenDirectory
0x000000000161e000 	/System/Library/PrivateFrameworks/CommonAuth.framework/Versions/A/CommonAuth
0x000000000161e000 	/System/Library/Frameworks/OpenDirectory.framework/Versions/A/Frameworks/CFOpenDirectory.framework/Versions/A/CFOpenDirectory
0x000000000161e000 	/System/Library/Frameworks/SecurityFoundation.framework/Versions/A/SecurityFoundation
0x000000000161e000 	/System/Library/PrivateFrameworks/LanguageModeling.framework/Versions/A/LanguageModeling
0x000000000161e000 	/usr/lib/libmarisa.dylib
0x000000000161e000 	/usr/lib/libChineseTokenizer.dylib
0x000000000161e000 	/usr/lib/libcmph.dylib
0x000000000161e000 	/System/Library/Frameworks/ServiceManagement.framework/Versions/A/ServiceManagement
0x000000000161e000 	/usr/lib/libxslt.1.dylib
0x000000000161e000 	/System/Library/Frameworks/Carbon.framework/Versions/A/Frameworks/Ink.framework/Versions/A/Ink
0x000000000161e000 	/usr/lib/libFosl_dynamic.dylib
0x000000000161e000 	/System/Library/PrivateFrameworks/FaceCore.framework/Versions/A/FaceCore
0x000000000161e000 	/System/Library/Frameworks/OpenCL.framework/Versions/A/OpenCL
0x000000000161e000 	/System/Library/PrivateFrameworks/CrashReporterSupport.framework/Versions/A/CrashReporterSupport
0x000000000161e000 	/System/Library/PrivateFrameworks/IconServices.framework/Versions/A/IconServices
0x000000000161e000 	/System/Library/PrivateFrameworks/Apple80211.framework/Versions/A/Apple80211
0x000000000161e000 	/System/Library/Frameworks/CoreWLAN.framework/Versions/A/CoreWLAN
0x000000000161e000 	/System/Library/Frameworks/IOBluetooth.framework/Versions/A/IOBluetooth
0x000000000161e000 	/System/Library/PrivateFrameworks/CoreWiFi.framework/Versions/A/CoreWiFi
0x000000000161e000 	/System/Library/Frameworks/CoreBluetooth.framework/Versions/A/CoreBluetooth
0x000000000161e000 	/System/Library/PrivateFrameworks/ChunkingLibrary.framework/Versions/A/ChunkingLibrary
0x000000000161e000 	/System/Library/PrivateFrameworks/DebugSymbols.framework/Versions/A/DebugSymbols
0x000000000161e000 	/System/Library/PrivateFrameworks/CoreSymbolication.framework/Versions/A/CoreSymbolication
0x000000000161e000 	/System/Library/PrivateFrameworks/Symbolication.framework/Versions/A/Symbolication
0x000000000161e000 	/System/Library/PrivateFrameworks/SpeechRecognitionCore.framework/Versions/A/SpeechRecognitionCore
0x0000000110c00000 	/Library/Java/JavaVirtualMachines/jdk1.8.0_45.jdk/Contents/Home/jre/lib/server/libjvm.dylib
0x000000000161e000 	/usr/lib/libstdc++.6.dylib
0x000000011023f000 	/Library/Java/JavaVirtualMachines/jdk1.8.0_45.jdk/Contents/Home/jre/lib/libverify.dylib
0x000000011024d000 	/Library/Java/JavaVirtualMachines/jdk1.8.0_45.jdk/Contents/Home/jre/lib/libjava.dylib
0x000000011028c000 	/Library/Java/JavaVirtualMachines/jdk1.8.0_45.jdk/Contents/Home/jre/lib/libzip.dylib
0x000000012736a000 	/System/Library/Frameworks/JavaVM.framework/Frameworks/JavaRuntimeSupport.framework/JavaRuntimeSupport
0x0000000127385000 	/System/Library/Frameworks/JavaVM.framework/Versions/A/Frameworks/JavaNativeFoundation.framework/Versions/A/JavaNativeFoundation
0x000000012739a000 	/System/Library/Frameworks/JavaVM.framework/Versions/A/JavaVM
0x000000000161e000 	/System/Library/Frameworks/Carbon.framework/Versions/A/Carbon
0x00000001273a7000 	/System/Library/PrivateFrameworks/JavaLaunching.framework/Versions/A/JavaLaunching
0x000000000161e000 	/System/Library/Frameworks/Carbon.framework/Versions/A/Frameworks/CommonPanels.framework/Versions/A/CommonPanels
0x000000000161e000 	/System/Library/Frameworks/Carbon.framework/Versions/A/Frameworks/Help.framework/Versions/A/Help
0x000000000161e000 	/System/Library/Frameworks/Carbon.framework/Versions/A/Frameworks/ImageCapture.framework/Versions/A/ImageCapture
0x000000000161e000 	/System/Library/Frameworks/Carbon.framework/Versions/A/Frameworks/OpenScripting.framework/Versions/A/OpenScripting
0x000000000161e000 	/System/Library/Frameworks/Carbon.framework/Versions/A/Frameworks/Print.framework/Versions/A/Print
0x000000000161e000 	/System/Library/Frameworks/Carbon.framework/Versions/A/Frameworks/SecurityHI.framework/Versions/A/SecurityHI
0x0000000128ccb000 	/private/var/folders/1v/c4n6hz0x08b8rxk3kbph4v_40000gn/T/bluecove_leefer_feefer_0/libbluecove.jnilib

VM Arguments:
java_command: UltraUniversalRemote -dmake
java_class_path (initial): bluecove.jar:.
Launcher Type: SUN_STANDARD

Environment Variables:
JAVA_HOME=/Library/Java/JavaVirtualMachines/jdk1.8.0_45.jdk/Contents/Homeexport
PATH=/usr/local/bin:/usr/bin:/bin:/usr/sbin:/sbin:/opt/X11/bin
SHELL=/bin/bash
DISPLAY=/private/tmp/com.apple.launchd.aYJgqFh1D6/org.macosforge.xquartz:0

Signal Handlers:
SIGSEGV: [libjvm.dylib+0x58ef95], sa_mask[0]=11111111011111110111111111111111, sa_flags=SA_ONSTACK|SA_RESTART|SA_SIGINFO
SIGBUS: [libjvm.dylib+0x58ef95], sa_mask[0]=11111111011111110111111111111111, sa_flags=SA_RESTART|SA_SIGINFO
SIGFPE: [libjvm.dylib+0x46c108], sa_mask[0]=11111111011111110111111111111111, sa_flags=SA_RESTART|SA_SIGINFO
SIGPIPE: [libjvm.dylib+0x46c108], sa_mask[0]=11111111011111110111111111111111, sa_flags=SA_RESTART|SA_SIGINFO
SIGXFSZ: [libjvm.dylib+0x46c108], sa_mask[0]=11111111011111110111111111111111, sa_flags=SA_RESTART|SA_SIGINFO
SIGILL: [libjvm.dylib+0x46c108], sa_mask[0]=11111111011111110111111111111111, sa_flags=SA_RESTART|SA_SIGINFO
SIGUSR1: SIG_DFL, sa_mask[0]=11011111011111100000000111000110, sa_flags=none
SIGUSR2: [libjvm.dylib+0x46bc26], sa_mask[0]=00000000000000000000000000000000, sa_flags=SA_RESTART|SA_SIGINFO
SIGHUP: [libjvm.dylib+0x46a1f9], sa_mask[0]=11111111011111110111111111111111, sa_flags=SA_RESTART|SA_SIGINFO
SIGINT: [libjvm.dylib+0x46a1f9], sa_mask[0]=11111111011111110111111111111111, sa_flags=SA_RESTART|SA_SIGINFO
SIGTERM: [libjvm.dylib+0x46a1f9], sa_mask[0]=11111111011111110111111111111111, sa_flags=SA_RESTART|SA_SIGINFO
SIGQUIT: [libjvm.dylib+0x46a1f9], sa_mask[0]=11111111011111110111111111111111, sa_flags=SA_RESTART|SA_SIGINFO


---------------  S Y S T E M  ---------------

OS:Bsduname:Darwin 15.6.0 Darwin Kernel Version 15.6.0: Mon Jan  9 23:07:29 PST 2017; root:xnu-3248.60.11.2.1~1/RELEASE_X86_64 x86_64
rlimit: STACK 8192k, CORE 0k, NPROC 709, NOFILE 10240, AS infinity
load average:1.49 1.26 1.27

CPU:total 4 (2 cores per cpu, 2 threads per core) family 6 model 37 stepping 2, cmov, cx8, fxsr, mmx, sse, sse2, sse3, ssse3, sse4.1, sse4.2, popcnt, aes, clmul, ht, tsc, tscinvbit

Memory: 4k page, physical 8388608k(33824k free)

/proc/meminfo:


vm_info: Java HotSpot(TM) 64-Bit Server VM (25.45-b02) for bsd-amd64 JRE (1.8.0_45-b14), built on Apr 10 2015 10:46:38 by "java_re" with gcc 4.2.1 (Based on Apple Inc. build 5658) (LLVM build 2336.11.00)

time: Sat Jun  3 20:50:56 2017
elapsed time: 49 seconds (0d 0h 0m 49s)

